Arguments: 
  /Users/wangxiang/.nvm/versions/node/v16.14.0/bin/node /usr/local/Cellar/yarn/1.22.11/libexec/bin/yarn.js add env

PATH: 
  /Users/wangxiang/.nvm/versions/node/v16.14.0/bin:/Users/wangxiang/.nvm/versions/node/v16.14.0/bin:/usr/local/bin:/usr/bin:/bin:/usr/sbin:/sbin:/Users/wangxiang/.nvm/versions/node/v16.14.0/bin:/Users/wangxiang/.fig/bin:/Users/wangxiang/.local/bin

Yarn version: 
  1.22.11

Node version: 
  16.14.0

Platform: 
  darwin x64

Trace: 
  Error: http://rnpm.uyundev.cn/env: [not_found] document not found
      at Request.params.callback [as _callback] (/usr/local/Cellar/yarn/1.22.11/libexec/lib/cli.js:66992:18)
      at Request.self.callback (/usr/local/Cellar/yarn/1.22.11/libexec/lib/cli.js:140763:22)
      at Request.emit (node:events:520:28)
      at Request.<anonymous> (/usr/local/Cellar/yarn/1.22.11/libexec/lib/cli.js:141735:10)
      at Request.emit (node:events:520:28)
      at IncomingMessage.<anonymous> (/usr/local/Cellar/yarn/1.22.11/libexec/lib/cli.js:141657:12)
      at Object.onceWrapper (node:events:639:28)
      at IncomingMessage.emit (node:events:532:35)
      at endReadableNT (node:internal/streams/readable:1346:12)
      at processTicksAndRejections (node:internal/process/task_queues:83:21)

npm manifest: 
  {
    "name": "puppeteer-glados",
    "version": "0.0.1",
    "description": "项目描述...",
    "main": "index.js",
    "repository": {}
  }

yarn manifest: 
  No manifest

Lockfile: 
  No lockfile
